<?xml version="1.0" encoding="UTF-8"?>
<testng-results ignored="0" total="1" passed="1" failed="0" skipped="0">
  <reporter-output>
  </reporter-output>
  <suite started-at="2023-05-04T09:26:55Z" name="Surefire suite" finished-at="2023-05-04T09:27:24Z" duration-ms="29256">
    <groups>
    </groups>
    <test started-at="2023-05-04T09:26:55Z" name="Surefire test" finished-at="2023-05-04T09:27:24Z" duration-ms="29256">
      <class name="com.test.NewTest">
        <test-method is-config="true" signature="tearUp(java.lang.String)[pri:0, instance:com.test.NewTest@47eaca72]" started-at="2023-05-04T09:26:55Z" name="tearUp" finished-at="2023-05-04T09:27:04Z" duration-ms="8724" status="PASS">
          <params>
            <param index="0">
              <value>
                <![CDATA[firefox]]>
              </value>
            </param>
          </params>
          <reporter-output>
          </reporter-output>
        </test-method> <!-- tearUp -->
        <test-method signature="standalone()[pri:0, instance:com.test.NewTest@47eaca72]" started-at="2023-05-04T09:27:04Z" name="standalone" finished-at="2023-05-04T09:27:24Z" duration-ms="20024" status="PASS">
          <reporter-output>
          </reporter-output>
        </test-method> <!-- standalone -->
        <test-method is-config="true" signature="tearDown()[pri:0, instance:com.test.NewTest@47eaca72]" started-at="2023-05-04T09:27:24Z" name="tearDown" finished-at="2023-05-04T09:27:24Z" duration-ms="499" status="PASS">
          <reporter-output>
          </reporter-output>
        </test-method> <!-- tearDown -->
      </class> <!-- com.test.NewTest -->
    </test> <!-- Surefire test -->
  </suite> <!-- Surefire suite -->
</testng-results>
