<?xml version="1.0" encoding="UTF-8"?>
<testsuite xmlns:xsi="http://www.w3.org/2001/XMLSchema-instance" xsi:noNamespaceSchemaLocation="https://maven.apache.org/surefire/maven-surefire-plugin/xsd/surefire-test-report-3.0.xsd" version="3.0" name="com.test.NewTest" time="29.525" tests="1" errors="0" skipped="0" failures="0">
  <properties>
[...]
</properties>
  <testcase name="standalone" classname="com.test.NewTest" time="20.024">
    <system-out><![CDATA[http://demo.seleniumeasy.com/
Selenium Easy - Best Demo website to practice Selenium Webdriver Online
]]></system-out>
    <system-err><![CDATA[May 04, 2023 2:57:02 PM org.openqa.selenium.remote.ProtocolHandshake createSession
INFO: Detected dialect: W3C
]]></system-err>
  </testcase>
</testsuite>