<?xml version="1.0" encoding="UTF-8"?>
<!-- Generated by org.testng.reporters.JUnitXMLReporter -->
<testsuite ignored="1" hostname="AJAYKUMAR" failures="0" tests="1" name="RegressionOnFirefox" time="18.33" errors="0" timestamp="19 May 2023 11:15:10 GMT">
  <testcase classname="com.test.ValidateSimpleFormTest" name="checkForMessage" time="4.282"/>
  <testcase classname="com.test.ValidateCheckBoxTest" name="checkBox" time="0.0">
    <ignored/>
  </testcase> <!-- checkBox -->
</testsuite> <!-- RegressionOnFirefox -->
