<?xml version="1.0" encoding="UTF-8"?>
<!-- Generated by org.testng.reporters.JUnitXMLReporter -->
<testsuite ignored="0" hostname="AJAYKUMAR" failures="1" tests="1" name="RegressionOnFirefox" time="16.758" errors="0" timestamp="05 May 2023 13:58:01 GMT">
  <testcase classname="com.test.ValidateBasePageTitle" name="basicPageValidationTest" time="0.005">
    <failure type="java.lang.NullPointerException" message="Cannot invoke &amp;quot;org.openqa.selenium.WebDriver.findElement(org.openqa.selenium.By)&amp;quot; because &amp;quot;this.remoteDriver&amp;quot; is null">
      <![CDATA[java.lang.NullPointerException: Cannot invoke "org.openqa.selenium.WebDriver.findElement(org.openqa.selenium.By)" because "this.remoteDriver" is null
at com.pages.BasicPage.<init>(BasicPage.java:24)
at java.base/java.lang.Class.newInstance(Class.java:645)
at org.openqa.selenium.support.PageFactory.instantiatePage(PageFactory.java:131)
at org.openqa.selenium.support.PageFactory.initElements(PageFactory.java:64)
at com.test.ValidateBasePageTitle.basicPageValidationTest(ValidateBasePageTitle.java:16)
... Removed 31 stack frames]]>
    </failure>
  </testcase> <!-- basicPageValidationTest -->
</testsuite> <!-- RegressionOnFirefox -->
