<?xml version="1.0" encoding="UTF-8"?>
<!-- Generated by org.testng.reporters.JUnitXMLReporter -->
<testsuite ignored="1" hostname="AJAYKUMAR" failures="0" tests="1" name="RegressionOnEdge" time="24.025" errors="0" timestamp="19 May 2023 12:08:26 GMT">
  <testcase classname="com.test.ValidateSimpleFormTest" name="checkForMessage" time="4.085"/>
  <testcase classname="com.test.ValidateCheckBoxTest" name="checkBox" time="0.0">
    <ignored/>
  </testcase> <!-- checkBox -->
</testsuite> <!-- RegressionOnEdge -->
