<?xml version="1.0" encoding="UTF-8"?>
<testng-results ignored="1" total="2" passed="1" failed="0" skipped="0">
  <reporter-output>
  </reporter-output>
  <suite started-at="2023-05-19T06:42:11Z" name="CorssBrowserTesting" finished-at="2023-05-19T06:42:19Z" duration-ms="7821">
    <groups>
    </groups>
    <test started-at="2023-05-19T06:42:11Z" name="RegressionOnEdge" finished-at="2023-05-19T06:42:19Z" duration-ms="7821">
      <class name="com.test.ValidateCheckBoxTest">
        <test-method is-config="true" signature="tearUp(java.lang.String)[pri:0, instance:com.test.ValidateCheckBoxTest@619bfe29]" started-at="2023-05-19T06:42:11Z" name="tearUp" finished-at="2023-05-19T06:42:16Z" duration-ms="4314" status="PASS">
          <params>
            <param index="0">
              <value>
                <![CDATA[edge]]>
              </value>
            </param>
          </params>
          <reporter-output>
          </reporter-output>
        </test-method> <!-- tearUp -->
        <test-method signature="checkForMassage()[pri:0, instance:com.test.ValidateCheckBoxTest@619bfe29]" started-at="2023-05-19T06:42:16Z" name="checkForMassage" finished-at="2023-05-19T06:42:19Z" duration-ms="3301" status="PASS">
          <reporter-output>
          </reporter-output>
        </test-method> <!-- checkForMassage -->
        <test-method is-config="true" signature="tearDown()[pri:0, instance:com.test.ValidateCheckBoxTest@619bfe29]" started-at="2023-05-19T06:42:19Z" name="tearDown" finished-at="2023-05-19T06:42:19Z" duration-ms="189" status="PASS">
          <reporter-output>
          </reporter-output>
        </test-method> <!-- tearDown -->
      </class> <!-- com.test.ValidateCheckBoxTest -->
    </test> <!-- RegressionOnEdge -->
  </suite> <!-- CorssBrowserTesting -->
</testng-results>
