<?xml version="1.0" encoding="UTF-8"?>
<testng-results ignored="0" total="2" passed="2" failed="0" skipped="0">
  <reporter-output>
  </reporter-output>
  <suite started-at="2023-05-23T09:43:39Z" name="CorssBrowserTesting" finished-at="2023-05-23T09:44:04Z" duration-ms="25122">
    <groups>
    </groups>
    <test started-at="2023-05-23T09:43:39Z" name="RegressionOnFirefox" finished-at="2023-05-23T09:44:04Z" duration-ms="25122">
      <class name="com.test.ValidateSimpleFormTest">
        <test-method is-config="true" signature="tearUp(java.lang.String)[pri:0, instance:com.test.ValidateSimpleFormTest@485a3466]" started-at="2023-05-23T09:43:50Z" name="tearUp" finished-at="2023-05-23T09:43:54Z" duration-ms="4123" status="PASS">
          <params>
            <param index="0">
              <value>
                <![CDATA[firefox]]>
              </value>
            </param>
          </params>
          <reporter-output>
          </reporter-output>
        </test-method> <!-- tearUp -->
        <test-method signature="checkForMessage()[pri:0, instance:com.test.ValidateSimpleFormTest@485a3466]" started-at="2023-05-23T09:43:54Z" name="checkForMessage" finished-at="2023-05-23T09:44:03Z" duration-ms="9151" status="PASS">
          <reporter-output>
          </reporter-output>
        </test-method> <!-- checkForMessage -->
        <test-method is-config="true" signature="tearDown()[pri:0, instance:com.test.ValidateSimpleFormTest@485a3466]" started-at="2023-05-23T09:44:03Z" name="tearDown" finished-at="2023-05-23T09:44:04Z" duration-ms="531" status="PASS">
          <reporter-output>
          </reporter-output>
        </test-method> <!-- tearDown -->
      </class> <!-- com.test.ValidateSimpleFormTest -->
      <class name="com.test.ValidateCheckBoxTest">
        <test-method is-config="true" signature="tearUp(java.lang.String)[pri:0, instance:com.test.ValidateCheckBoxTest@7a527389]" started-at="2023-05-23T09:43:39Z" name="tearUp" finished-at="2023-05-23T09:43:43Z" duration-ms="4200" status="PASS">
          <params>
            <param index="0">
              <value>
                <![CDATA[firefox]]>
              </value>
            </param>
          </params>
          <reporter-output>
          </reporter-output>
        </test-method> <!-- tearUp -->
        <test-method signature="checkBox()[pri:0, instance:com.test.ValidateCheckBoxTest@7a527389]" started-at="2023-05-23T09:43:43Z" name="checkBox" finished-at="2023-05-23T09:43:50Z" duration-ms="6570" status="PASS">
          <reporter-output>
          </reporter-output>
        </test-method> <!-- checkBox -->
        <test-method is-config="true" signature="tearDown()[pri:0, instance:com.test.ValidateCheckBoxTest@7a527389]" started-at="2023-05-23T09:43:50Z" name="tearDown" finished-at="2023-05-23T09:43:50Z" duration-ms="531" status="PASS">
          <reporter-output>
          </reporter-output>
        </test-method> <!-- tearDown -->
      </class> <!-- com.test.ValidateCheckBoxTest -->
    </test> <!-- RegressionOnFirefox -->
  </suite> <!-- CorssBrowserTesting -->
</testng-results>
